{"/home/cadev_code/workspace/curso-react/03-gifs-app/src/GifsApp.tsx": {"path":"/home/cadev_code/workspace/curso-react/03-gifs-app/src/GifsApp.tsx","statementMap":{"0":{"start":{"line":8,"column":23},"end":{"line":32,"column":null}},"1":{"start":{"line":9,"column":64},"end":{"line":9,"column":null}}},"fnMap":{"0":{"name":"(anonymous_0)","decl":{"start":{"line":8,"column":23},"end":{"line":8,"column":null}},"loc":{"start":{"line":8,"column":23},"end":{"line":32,"column":null}},"line":8}},"branchMap":{},"s":{"0":1,"1":1},"f":{"0":1},"b":{},"meta":{"lastBranch":0,"lastFunction":1,"lastStatement":2,"seen":{"s:8:23:32:Infinity":0,"f:8:23:8:Infinity":0,"s:9:64:9:Infinity":1}}}
,"/home/cadev_code/workspace/curso-react/03-gifs-app/src/counter/components/MyCounterApp.tsx": {"path":"/home/cadev_code/workspace/curso-react/03-gifs-app/src/counter/components/MyCounterApp.tsx","statementMap":{"0":{"start":{"line":3,"column":28},"end":{"line":21,"column":null}},"1":{"start":{"line":4,"column":59},"end":{"line":4,"column":null}}},"fnMap":{"0":{"name":"(anonymous_0)","decl":{"start":{"line":3,"column":28},"end":{"line":3,"column":null}},"loc":{"start":{"line":3,"column":28},"end":{"line":21,"column":null}},"line":3}},"branchMap":{},"s":{"0":2,"1":7},"f":{"0":7},"b":{},"meta":{"lastBranch":0,"lastFunction":1,"lastStatement":2,"seen":{"s:3:28:21:Infinity":0,"f:3:28:3:Infinity":0,"s:4:59:4:Infinity":1}}}
,"/home/cadev_code/workspace/curso-react/03-gifs-app/src/counter/hooks/useCounter.tsx": {"path":"/home/cadev_code/workspace/curso-react/03-gifs-app/src/counter/hooks/useCounter.tsx","statementMap":{"0":{"start":{"line":3,"column":26},"end":{"line":18,"column":null}},"1":{"start":{"line":4,"column":29},"end":{"line":4,"column":null}},"2":{"start":{"line":6,"column":20},"end":{"line":6,"column":null}},"3":{"start":{"line":6,"column":26},"end":{"line":6,"column":null}},"4":{"start":{"line":8,"column":25},"end":{"line":8,"column":null}},"5":{"start":{"line":8,"column":31},"end":{"line":8,"column":null}},"6":{"start":{"line":10,"column":22},"end":{"line":10,"column":null}},"7":{"start":{"line":10,"column":28},"end":{"line":10,"column":null}},"8":{"start":{"line":12,"column":2},"end":{"line":17,"column":null}}},"fnMap":{"0":{"name":"(anonymous_0)","decl":{"start":{"line":3,"column":26},"end":{"line":3,"column":27}},"loc":{"start":{"line":3,"column":52},"end":{"line":18,"column":null}},"line":3},"1":{"name":"(anonymous_1)","decl":{"start":{"line":6,"column":20},"end":{"line":6,"column":26}},"loc":{"start":{"line":6,"column":26},"end":{"line":6,"column":null}},"line":6},"2":{"name":"(anonymous_2)","decl":{"start":{"line":8,"column":25},"end":{"line":8,"column":31}},"loc":{"start":{"line":8,"column":31},"end":{"line":8,"column":null}},"line":8},"3":{"name":"(anonymous_3)","decl":{"start":{"line":10,"column":22},"end":{"line":10,"column":28}},"loc":{"start":{"line":10,"column":28},"end":{"line":10,"column":null}},"line":10}},"branchMap":{"0":{"loc":{"start":{"line":3,"column":27},"end":{"line":3,"column":52}},"type":"default-arg","locations":[{"start":{"line":3,"column":50},"end":{"line":3,"column":52}}],"line":3}},"s":{"0":2,"1":15,"2":15,"3":4,"4":15,"5":2,"6":15,"7":1,"8":15},"f":{"0":15,"1":4,"2":2,"3":1},"b":{"0":[15]},"meta":{"lastBranch":1,"lastFunction":4,"lastStatement":9,"seen":{"s:3:26:18:Infinity":0,"f:3:26:3:27":0,"b:3:50:3:52":0,"s:4:29:4:Infinity":1,"s:6:20:6:Infinity":2,"f:6:20:6:26":1,"s:6:26:6:Infinity":3,"s:8:25:8:Infinity":4,"f:8:25:8:31":2,"s:8:31:8:Infinity":5,"s:10:22:10:Infinity":6,"f:10:22:10:28":3,"s:10:28:10:Infinity":7,"s:12:2:17:Infinity":8}}}
,"/home/cadev_code/workspace/curso-react/03-gifs-app/src/gifs/actions/get-gifs-by-query.actions.ts": {"path":"/home/cadev_code/workspace/curso-react/03-gifs-app/src/gifs/actions/get-gifs-by-query.actions.ts","statementMap":{"0":{"start":{"line":6,"column":30},"end":{"line":30,"column":null}},"1":{"start":{"line":7,"column":2},"end":{"line":9,"column":null}},"2":{"start":{"line":8,"column":4},"end":{"line":8,"column":null}},"3":{"start":{"line":11,"column":2},"end":{"line":29,"column":null}},"4":{"start":{"line":12,"column":21},"end":{"line":17,"column":null}},"5":{"start":{"line":19,"column":4},"end":{"line":25,"column":null}},"6":{"start":{"line":19,"column":42},"end":{"line":25,"column":null}},"7":{"start":{"line":27,"column":4},"end":{"line":27,"column":null}},"8":{"start":{"line":28,"column":4},"end":{"line":28,"column":null}}},"fnMap":{"0":{"name":"(anonymous_0)","decl":{"start":{"line":6,"column":30},"end":{"line":6,"column":37}},"loc":{"start":{"line":6,"column":37},"end":{"line":30,"column":null}},"line":6},"1":{"name":"(anonymous_1)","decl":{"start":{"line":19,"column":34},"end":{"line":19,"column":42}},"loc":{"start":{"line":19,"column":42},"end":{"line":25,"column":null}},"line":19}},"branchMap":{"0":{"loc":{"start":{"line":7,"column":2},"end":{"line":9,"column":null}},"type":"if","locations":[{"start":{"line":7,"column":2},"end":{"line":9,"column":null}},{"start":{},"end":{}}],"line":7}},"s":{"0":3,"1":6,"2":1,"3":5,"4":5,"5":4,"6":40,"7":1,"8":1},"f":{"0":6,"1":40},"b":{"0":[1,5]},"meta":{"lastBranch":1,"lastFunction":2,"lastStatement":9,"seen":{"s:6:30:30:Infinity":0,"f:6:30:6:37":0,"b:7:2:9:Infinity:undefined:undefined:undefined:undefined":0,"s:7:2:9:Infinity":1,"s:8:4:8:Infinity":2,"s:11:2:29:Infinity":3,"s:12:21:17:Infinity":4,"s:19:4:25:Infinity":5,"f:19:34:19:42":1,"s:19:42:25:Infinity":6,"s:27:4:27:Infinity":7,"s:28:4:28:Infinity":8}}}
,"/home/cadev_code/workspace/curso-react/03-gifs-app/src/gifs/api/giphy.api.ts": {"path":"/home/cadev_code/workspace/curso-react/03-gifs-app/src/gifs/api/giphy.api.ts","statementMap":{"0":{"start":{"line":3,"column":24},"end":{"line":9,"column":null}}},"fnMap":{},"branchMap":{},"s":{"0":4},"f":{},"b":{},"meta":{"lastBranch":0,"lastFunction":0,"lastStatement":1,"seen":{"s:3:24:9:Infinity":0}}}
,"/home/cadev_code/workspace/curso-react/03-gifs-app/src/gifs/components/GifList.tsx": {"path":"/home/cadev_code/workspace/curso-react/03-gifs-app/src/gifs/components/GifList.tsx","statementMap":{"0":{"start":{"line":7,"column":23},"end":{"line":21,"column":null}}},"fnMap":{"0":{"name":"(anonymous_0)","decl":{"start":{"line":7,"column":23},"end":{"line":7,"column":24}},"loc":{"start":{"line":7,"column":39},"end":{"line":21,"column":null}},"line":7}},"branchMap":{},"s":{"0":1},"f":{"0":1},"b":{},"meta":{"lastBranch":0,"lastFunction":1,"lastStatement":1,"seen":{"s:7:23:21:Infinity":0,"f:7:23:7:24":0}}}
,"/home/cadev_code/workspace/curso-react/03-gifs-app/src/gifs/components/PreviousSearches.tsx": {"path":"/home/cadev_code/workspace/curso-react/03-gifs-app/src/gifs/components/PreviousSearches.tsx","statementMap":{"0":{"start":{"line":6,"column":32},"end":{"line":19,"column":null}},"1":{"start":{"line":12,"column":40},"end":{"line":12,"column":null}}},"fnMap":{"0":{"name":"(anonymous_0)","decl":{"start":{"line":6,"column":32},"end":{"line":6,"column":33}},"loc":{"start":{"line":6,"column":68},"end":{"line":19,"column":null}},"line":6},"1":{"name":"(anonymous_1)","decl":{"start":{"line":12,"column":34},"end":{"line":12,"column":40}},"loc":{"start":{"line":12,"column":40},"end":{"line":12,"column":null}},"line":12}},"branchMap":{},"s":{"0":2,"1":1},"f":{"0":3,"1":1},"b":{},"meta":{"lastBranch":0,"lastFunction":2,"lastStatement":2,"seen":{"s:6:32:19:Infinity":0,"f:6:32:6:33":0,"f:12:34:12:40":1,"s:12:40:12:Infinity":1}}}
,"/home/cadev_code/workspace/curso-react/03-gifs-app/src/gifs/hooks/useGifs.tsx": {"path":"/home/cadev_code/workspace/curso-react/03-gifs-app/src/gifs/hooks/useGifs.tsx","statementMap":{"0":{"start":{"line":7,"column":23},"end":{"line":48,"column":null}},"1":{"start":{"line":8,"column":23},"end":{"line":8,"column":null}},"2":{"start":{"line":9,"column":41},"end":{"line":9,"column":null}},"3":{"start":{"line":11,"column":8},"end":{"line":11,"column":null}},"4":{"start":{"line":13,"column":28},"end":{"line":23,"column":null}},"5":{"start":{"line":14,"column":4},"end":{"line":17,"column":null}},"6":{"start":{"line":15,"column":6},"end":{"line":15,"column":null}},"7":{"start":{"line":16,"column":6},"end":{"line":16,"column":null}},"8":{"start":{"line":19,"column":17},"end":{"line":19,"column":null}},"9":{"start":{"line":20,"column":4},"end":{"line":20,"column":null}},"10":{"start":{"line":22,"column":4},"end":{"line":22,"column":null}},"11":{"start":{"line":25,"column":8},"end":{"line":40,"column":null}},"12":{"start":{"line":26,"column":4},"end":{"line":26,"column":null}},"13":{"start":{"line":28,"column":4},"end":{"line":28,"column":null}},"14":{"start":{"line":28,"column":28},"end":{"line":28,"column":null}},"15":{"start":{"line":30,"column":4},"end":{"line":33,"column":null}},"16":{"start":{"line":31,"column":6},"end":{"line":33,"column":null}},"17":{"start":{"line":36,"column":17},"end":{"line":36,"column":null}},"18":{"start":{"line":37,"column":4},"end":{"line":37,"column":null}},"19":{"start":{"line":39,"column":4},"end":{"line":39,"column":null}},"20":{"start":{"line":42,"column":2},"end":{"line":47,"column":null}}},"fnMap":{"0":{"name":"(anonymous_0)","decl":{"start":{"line":7,"column":23},"end":{"line":7,"column":null}},"loc":{"start":{"line":7,"column":23},"end":{"line":48,"column":null}},"line":7},"1":{"name":"(anonymous_1)","decl":{"start":{"line":13,"column":28},"end":{"line":13,"column":35}},"loc":{"start":{"line":13,"column":35},"end":{"line":23,"column":null}},"line":13},"2":{"name":"(anonymous_2)","decl":{"start":{"line":25,"column":35},"end":{"line":25,"column":42}},"loc":{"start":{"line":25,"column":60},"end":{"line":40,"column":5}},"line":25},"3":{"name":"(anonymous_3)","decl":{"start":{"line":30,"column":21},"end":{"line":30,"column":null}},"loc":{"start":{"line":31,"column":6},"end":{"line":33,"column":null}},"line":31}},"branchMap":{"0":{"loc":{"start":{"line":14,"column":4},"end":{"line":17,"column":null}},"type":"if","locations":[{"start":{"line":14,"column":4},"end":{"line":17,"column":null}},{"start":{},"end":{}}],"line":14},"1":{"loc":{"start":{"line":25,"column":42},"end":{"line":25,"column":60}},"type":"default-arg","locations":[{"start":{"line":25,"column":58},"end":{"line":25,"column":60}}],"line":25},"2":{"loc":{"start":{"line":28,"column":4},"end":{"line":28,"column":null}},"type":"if","locations":[{"start":{"line":28,"column":4},"end":{"line":28,"column":null}},{"start":{},"end":{}}],"line":28},"3":{"loc":{"start":{"line":31,"column":6},"end":{"line":33,"column":null}},"type":"cond-expr","locations":[{"start":{"line":32,"column":10},"end":{"line":32,"column":null}},{"start":{"line":33,"column":10},"end":{"line":33,"column":null}}],"line":31}},"s":{"0":2,"1":20,"2":20,"3":20,"4":20,"5":3,"6":1,"7":1,"8":2,"9":2,"10":2,"11":20,"12":11,"13":11,"14":1,"15":10,"16":10,"17":10,"18":10,"19":10,"20":20},"f":{"0":20,"1":3,"2":11,"3":10},"b":{"0":[1,2],"1":[11],"2":[1,10],"3":[10,0]},"meta":{"lastBranch":4,"lastFunction":4,"lastStatement":21,"seen":{"s:7:23:48:Infinity":0,"f:7:23:7:Infinity":0,"s:8:23:8:Infinity":1,"s:9:41:9:Infinity":2,"s:11:8:11:Infinity":3,"s:13:28:23:Infinity":4,"f:13:28:13:35":1,"b:14:4:17:Infinity:undefined:undefined:undefined:undefined":0,"s:14:4:17:Infinity":5,"s:15:6:15:Infinity":6,"s:16:6:16:Infinity":7,"s:19:17:19:Infinity":8,"s:20:4:20:Infinity":9,"s:22:4:22:Infinity":10,"s:25:8:40:Infinity":11,"f:25:35:25:42":2,"b:25:58:25:60":1,"s:26:4:26:Infinity":12,"b:28:4:28:Infinity:undefined:undefined:undefined:undefined":2,"s:28:4:28:Infinity":13,"s:28:28:28:Infinity":14,"s:30:4:33:Infinity":15,"f:30:21:30:Infinity":3,"s:31:6:33:Infinity":16,"b:32:10:32:Infinity:33:10:33:Infinity":3,"s:36:17:36:Infinity":17,"s:37:4:37:Infinity":18,"s:39:4:39:Infinity":19,"s:42:2:47:Infinity":20}}}
,"/home/cadev_code/workspace/curso-react/03-gifs-app/src/shared/components/CustomHeader.tsx": {"path":"/home/cadev_code/workspace/curso-react/03-gifs-app/src/shared/components/CustomHeader.tsx","statementMap":{"0":{"start":{"line":6,"column":28},"end":{"line":13,"column":null}}},"fnMap":{"0":{"name":"(anonymous_0)","decl":{"start":{"line":6,"column":28},"end":{"line":6,"column":29}},"loc":{"start":{"line":6,"column":58},"end":{"line":13,"column":null}},"line":6}},"branchMap":{},"s":{"0":2},"f":{"0":4},"b":{},"meta":{"lastBranch":0,"lastFunction":1,"lastStatement":1,"seen":{"s:6:28:13:Infinity":0,"f:6:28:6:29":0}}}
,"/home/cadev_code/workspace/curso-react/03-gifs-app/src/shared/components/SearchBar.tsx": {"path":"/home/cadev_code/workspace/curso-react/03-gifs-app/src/shared/components/SearchBar.tsx","statementMap":{"0":{"start":{"line":8,"column":25},"end":{"line":38,"column":null}},"1":{"start":{"line":9,"column":25},"end":{"line":9,"column":null}},"2":{"start":{"line":11,"column":2},"end":{"line":19,"column":null}},"3":{"start":{"line":12,"column":22},"end":{"line":14,"column":null}},"4":{"start":{"line":13,"column":6},"end":{"line":13,"column":null}},"5":{"start":{"line":16,"column":4},"end":{"line":18,"column":null}},"6":{"start":{"line":17,"column":6},"end":{"line":17,"column":null}},"7":{"start":{"line":21,"column":23},"end":{"line":25,"column":null}},"8":{"start":{"line":22,"column":4},"end":{"line":22,"column":null}},"9":{"start":{"line":23,"column":4},"end":{"line":23,"column":null}},"10":{"start":{"line":24,"column":4},"end":{"line":24,"column":null}},"11":{"start":{"line":33,"column":23},"end":{"line":33,"column":null}}},"fnMap":{"0":{"name":"(anonymous_0)","decl":{"start":{"line":8,"column":25},"end":{"line":8,"column":26}},"loc":{"start":{"line":8,"column":68},"end":{"line":38,"column":null}},"line":8},"1":{"name":"(anonymous_1)","decl":{"start":{"line":11,"column":12},"end":{"line":11,"column":null}},"loc":{"start":{"line":11,"column":12},"end":{"line":19,"column":5}},"line":11},"2":{"name":"(anonymous_2)","decl":{"start":{"line":12,"column":33},"end":{"line":12,"column":null}},"loc":{"start":{"line":12,"column":33},"end":{"line":14,"column":7}},"line":12},"3":{"name":"(anonymous_3)","decl":{"start":{"line":16,"column":11},"end":{"line":16,"column":null}},"loc":{"start":{"line":16,"column":11},"end":{"line":18,"column":null}},"line":16},"4":{"name":"(anonymous_4)","decl":{"start":{"line":21,"column":23},"end":{"line":21,"column":24}},"loc":{"start":{"line":21,"column":24},"end":{"line":25,"column":null}},"line":21},"5":{"name":"(anonymous_5)","decl":{"start":{"line":33,"column":18},"end":{"line":33,"column":23}},"loc":{"start":{"line":33,"column":23},"end":{"line":33,"column":null}},"line":33}},"branchMap":{"0":{"loc":{"start":{"line":8,"column":28},"end":{"line":8,"column":50}},"type":"default-arg","locations":[{"start":{"line":8,"column":42},"end":{"line":8,"column":50}}],"line":8}},"s":{"0":2,"1":14,"2":14,"3":14,"4":2,"5":14,"6":14,"7":14,"8":1,"9":1,"10":1,"11":6},"f":{"0":14,"1":14,"2":2,"3":14,"4":1,"5":6},"b":{"0":[14]},"meta":{"lastBranch":1,"lastFunction":6,"lastStatement":12,"seen":{"s:8:25:38:Infinity":0,"f:8:25:8:26":0,"b:8:42:8:50":0,"s:9:25:9:Infinity":1,"s:11:2:19:Infinity":2,"f:11:12:11:Infinity":1,"s:12:22:14:Infinity":3,"f:12:33:12:Infinity":2,"s:13:6:13:Infinity":4,"s:16:4:18:Infinity":5,"f:16:11:16:Infinity":3,"s:17:6:17:Infinity":6,"s:21:23:25:Infinity":7,"f:21:23:21:24":4,"s:22:4:22:Infinity":8,"s:23:4:23:Infinity":9,"s:24:4:24:Infinity":10,"f:33:18:33:23":5,"s:33:23:33:Infinity":11}}}
,"/home/cadev_code/workspace/curso-react/03-gifs-app/tests/mock/giphy.response.data.ts": {"path":"/home/cadev_code/workspace/curso-react/03-gifs-app/tests/mock/giphy.response.data.ts","statementMap":{"0":{"start":{"line":1,"column":39},"end":{"line":2088,"column":null}}},"fnMap":{},"branchMap":{},"s":{"0":1},"f":{},"b":{},"meta":{"lastBranch":0,"lastFunction":0,"lastStatement":1,"seen":{"s:1:39:2088:Infinity":0}}}
}
