{"/home/cadev-code/workspace/curso-react/first-steps/src/FirstStepsApp.tsx": {"path":"/home/cadev-code/workspace/curso-react/first-steps/src/FirstStepsApp.tsx","statementMap":{"0":{"start":{"line":8,"column":28},"end":{"line":25,"column":null}},"1":{"start":{"line":27,"column":29},"end":{"line":37,"column":null}}},"fnMap":{"0":{"name":"(anonymous_0)","decl":{"start":{"line":27,"column":29},"end":{"line":27,"column":null}},"loc":{"start":{"line":27,"column":29},"end":{"line":37,"column":null}},"line":27}},"branchMap":{},"s":{"0":1,"1":1},"f":{"0":3},"b":{},"meta":{"lastBranch":0,"lastFunction":1,"lastStatement":2,"seen":{"s:8:28:25:Infinity":0,"s:27:29:37:Infinity":1,"f:27:29:27:Infinity":0}}}
,"/home/cadev-code/workspace/curso-react/first-steps/src/MyAwesomeApp.tsx": {"path":"/home/cadev-code/workspace/curso-react/first-steps/src/MyAwesomeApp.tsx","statementMap":{"0":{"start":{"line":3,"column":18},"end":{"line":3,"column":null}},"1":{"start":{"line":4,"column":17},"end":{"line":4,"column":null}},"2":{"start":{"line":6,"column":22},"end":{"line":11,"column":null}},"3":{"start":{"line":12,"column":17},"end":{"line":12,"column":null}},"4":{"start":{"line":14,"column":16},"end":{"line":18,"column":null}},"5":{"start":{"line":20,"column":31},"end":{"line":24,"column":null}},"6":{"start":{"line":26,"column":28},"end":{"line":39,"column":null}}},"fnMap":{"0":{"name":"(anonymous_0)","decl":{"start":{"line":26,"column":28},"end":{"line":26,"column":null}},"loc":{"start":{"line":26,"column":28},"end":{"line":39,"column":null}},"line":26}},"branchMap":{"0":{"loc":{"start":{"line":34,"column":11},"end":{"line":34,"column":null}},"type":"cond-expr","locations":[{"start":{"line":34,"column":22},"end":{"line":34,"column":33}},{"start":{"line":34,"column":33},"end":{"line":34,"column":null}}],"line":34}},"s":{"0":1,"1":1,"2":1,"3":1,"4":1,"5":1,"6":1},"f":{"0":4},"b":{"0":[4,0]},"meta":{"lastBranch":1,"lastFunction":1,"lastStatement":7,"seen":{"s:3:18:3:Infinity":0,"s:4:17:4:Infinity":1,"s:6:22:11:Infinity":2,"s:12:17:12:Infinity":3,"s:14:16:18:Infinity":4,"s:20:31:24:Infinity":5,"s:26:28:39:Infinity":6,"f:26:28:26:Infinity":0,"b:34:22:34:33:34:33:34:Infinity":0}}}
,"/home/cadev-code/workspace/curso-react/first-steps/src/helpers/math.helper.ts": {"path":"/home/cadev-code/workspace/curso-react/first-steps/src/helpers/math.helper.ts","statementMap":{"0":{"start":{"line":1,"column":19},"end":{"line":1,"column":null}},"1":{"start":{"line":1,"column":45},"end":{"line":1,"column":null}},"2":{"start":{"line":3,"column":24},"end":{"line":3,"column":null}},"3":{"start":{"line":3,"column":50},"end":{"line":3,"column":null}},"4":{"start":{"line":5,"column":24},"end":{"line":5,"column":null}},"5":{"start":{"line":5,"column":50},"end":{"line":5,"column":null}},"6":{"start":{"line":7,"column":22},"end":{"line":7,"column":null}},"7":{"start":{"line":7,"column":48},"end":{"line":7,"column":null}}},"fnMap":{"0":{"name":"(anonymous_0)","decl":{"start":{"line":1,"column":19},"end":{"line":1,"column":20}},"loc":{"start":{"line":1,"column":45},"end":{"line":1,"column":null}},"line":1},"1":{"name":"(anonymous_1)","decl":{"start":{"line":3,"column":24},"end":{"line":3,"column":25}},"loc":{"start":{"line":3,"column":50},"end":{"line":3,"column":null}},"line":3},"2":{"name":"(anonymous_2)","decl":{"start":{"line":5,"column":24},"end":{"line":5,"column":25}},"loc":{"start":{"line":5,"column":50},"end":{"line":5,"column":null}},"line":5},"3":{"name":"(anonymous_3)","decl":{"start":{"line":7,"column":22},"end":{"line":7,"column":23}},"loc":{"start":{"line":7,"column":48},"end":{"line":7,"column":null}},"line":7}},"branchMap":{},"s":{"0":1,"1":2,"2":1,"3":3,"4":1,"5":3,"6":1,"7":1},"f":{"0":2,"1":3,"2":3,"3":1},"b":{},"meta":{"lastBranch":0,"lastFunction":4,"lastStatement":8,"seen":{"s:1:19:1:Infinity":0,"f:1:19:1:20":0,"s:1:45:1:Infinity":1,"s:3:24:3:Infinity":2,"f:3:24:3:25":1,"s:3:50:3:Infinity":3,"s:5:24:5:Infinity":4,"f:5:24:5:25":2,"s:5:50:5:Infinity":5,"s:7:22:7:Infinity":6,"f:7:22:7:23":3,"s:7:48:7:Infinity":7}}}
,"/home/cadev-code/workspace/curso-react/first-steps/src/shopping-cart/ItemCounter.module.css": {"path":"/home/cadev-code/workspace/curso-react/first-steps/src/shopping-cart/ItemCounter.module.css","statementMap":{},"fnMap":{},"branchMap":{},"s":{},"f":{},"b":{},"meta":{"lastBranch":0,"lastFunction":0,"lastStatement":0,"seen":{}}}
,"/home/cadev-code/workspace/curso-react/first-steps/src/shopping-cart/ItemCounter.tsx": {"path":"/home/cadev-code/workspace/curso-react/first-steps/src/shopping-cart/ItemCounter.tsx","statementMap":{"0":{"start":{"line":11,"column":27},"end":{"line":31,"column":null}},"1":{"start":{"line":12,"column":25},"end":{"line":12,"column":null}},"2":{"start":{"line":14,"column":20},"end":{"line":14,"column":null}},"3":{"start":{"line":14,"column":26},"end":{"line":14,"column":null}},"4":{"start":{"line":15,"column":25},"end":{"line":15,"column":null}},"5":{"start":{"line":15,"column":31},"end":{"line":15,"column":null}}},"fnMap":{"0":{"name":"(anonymous_0)","decl":{"start":{"line":11,"column":27},"end":{"line":11,"column":28}},"loc":{"start":{"line":11,"column":57},"end":{"line":31,"column":null}},"line":11},"1":{"name":"(anonymous_1)","decl":{"start":{"line":14,"column":20},"end":{"line":14,"column":26}},"loc":{"start":{"line":14,"column":26},"end":{"line":14,"column":null}},"line":14},"2":{"name":"(anonymous_2)","decl":{"start":{"line":15,"column":25},"end":{"line":15,"column":31}},"loc":{"start":{"line":15,"column":31},"end":{"line":15,"column":null}},"line":15}},"branchMap":{"0":{"loc":{"start":{"line":11,"column":36},"end":{"line":11,"column":48}},"type":"default-arg","locations":[{"start":{"line":11,"column":47},"end":{"line":11,"column":48}}],"line":11},"1":{"loc":{"start":{"line":15,"column":31},"end":{"line":15,"column":null}},"type":"binary-expr","locations":[{"start":{"line":15,"column":31},"end":{"line":15,"column":44}},{"start":{"line":15,"column":44},"end":{"line":15,"column":null}}],"line":15},"2":{"loc":{"start":{"line":22,"column":17},"end":{"line":22,"column":null}},"type":"cond-expr","locations":[{"start":{"line":22,"column":31},"end":{"line":22,"column":39}},{"start":{"line":22,"column":39},"end":{"line":22,"column":null}}],"line":22}},"s":{"0":1,"1":9,"2":9,"3":1,"4":9,"5":2},"f":{"0":9,"1":1,"2":2},"b":{"0":[9],"1":[2,1],"2":[4,5]},"meta":{"lastBranch":3,"lastFunction":3,"lastStatement":6,"seen":{"s:11:27:31:Infinity":0,"f:11:27:11:28":0,"b:11:47:11:48":0,"s:12:25:12:Infinity":1,"s:14:20:14:Infinity":2,"f:14:20:14:26":1,"s:14:26:14:Infinity":3,"s:15:25:15:Infinity":4,"f:15:25:15:31":2,"s:15:31:15:Infinity":5,"b:15:31:15:44:15:44:15:Infinity":1,"b:22:31:22:39:22:39:22:Infinity":2}}}
}
